{"level":"error","message":"!!!!!!ERROR!!!!!"}
{"level":"warn","message":"WARN!!!"}
{"level":"error","message":"ERROR AT GETTING USER--->CastError: Cast to ObjectId failed for value \"premium\" (type string) at path \"_id\" for model \"users\""}
{"level":"error","message":"ERROR AT GETTING USER--->CastError: Cast to ObjectId failed for value \"premium\" (type string) at path \"_id\" for model \"users\""}
{"level":"error","message":"ERROR AT GETTING USER--->CastError: Cast to ObjectId failed for value \"premium\" (type string) at path \"_id\" for model \"users\""}
{"level":"error","message":"ERROR AT GETTING USER--->CastError: Cast to ObjectId failed for value \"premium\" (type string) at path \"_id\" for model \"users\""}
{"level":"error","message":"ERROR AT GETTING USER--->CastError: Cast to ObjectId failed for value \"premium\" (type string) at path \"_id\" for model \"users\""}
{"level":"error","message":"ERROR AT GETTING USER--->CastError: Cast to ObjectId failed for value \"premium\" (type string) at path \"_id\" for model \"users\""}
{"level":"error","message":"ERROR AT GETTING USER--->CastError: Cast to ObjectId failed for value \"premium\" (type string) at path \"_id\" for model \"users\""}
{"level":"error","message":"ERROR AT GETTING USER--->CastError: Cast to ObjectId failed for value \"premium\" (type string) at path \"_id\" for model \"users\""}
{"level":"error","message":"ERROR AT UPDATING PRODUCT---> CastError: Cast to ObjectId failed for value \"4\" (type string) at path \"_id\" for model \"product\""}
{"level":"error","message":"ERROR AT UPDATING PRODUCT---> CastError: Cast to ObjectId failed for value \"\\t Response body Download {   \"status\": \"success\",   \"msg\": \"product updated\",   \"data\": {     \"acknowledged\": true,     \"modifiedCount\": 1,     \"upsertedId\": null,     \"upsertedCount\": 0,     \"matchedCount\": 1   }\" (type string) at path \"_id\" for model \"product\""}
{"level":"error","message":"ERROR AT UPDATING PRODUCT---> CastError: Cast to ObjectId failed for value \"\\t Response body Download {   \"status\": \"success\",   \"msg\": \"product updated\",   \"data\": {     \"acknowledged\": true,     \"modifiedCount\": 1,     \"upsertedId\": null,     \"upsertedCount\": 0,     \"matchedCount\": 1   }\" (type string) at path \"_id\" for model \"product\""}
{"level":"error","message":"ERROR AT UPDATING PRODUCT---> CastError: Cast to ObjectId failed for value \"\\t Response body Download {   \"status\": \"success\",   \"msg\": \"product updated\",   \"data\": {     \"acknowledged\": true,     \"modifiedCount\": 1,     \"upsertedId\": null,     \"upsertedCount\": 0,     \"matchedCount\": 1   }\" (type string) at path \"_id\" for model \"product\""}
{"level":"error","message":"ERROR AT CREATING PRODUCT---> [object Object]"}
{"kind":"ObjectId","message":"Cast to ObjectId failed for value \"{pid}\" (type string) at path \"_id\" for model \"cart\"","name":"CastError","path":"_id","reason":{},"stringValue":"\"{pid}\"","value":"{pid}","valueType":"string"}
{"level":"error","message":"cart not found"}
{"level":"error"}
{"level":"error"}
{"level":"error"}
{"level":"error"}
{"level":"error"}
{"kind":"ObjectId","message":"Cast to ObjectId failed for value \"{cid}\" (type string) at path \"_id\" for model \"cart\"","name":"CastError","path":"_id","reason":{},"stringValue":"\"{cid}\"","value":"{cid}","valueType":"string"}
{"level":"error"}
{"level":"error"}
{"level":"error"}
{"level":"error"}
{"level":"error","path":"products.product"}
{"level":"error","path":"products.product"}
{"level":"error","message":"ERROR AT GETTING PRODUCT---> [object Object]"}
{"level":"error","message":"ERROR AT GETTING PRODUCT---> [object Object]"}
{"level":"error","message":"ERROR AT GETTING PRODUCT---> [object Object]"}
{"level":"error"}
{"level":"error"}
{"level":"error"}
{"kind":"ObjectId","message":"Cast to ObjectId failed for value \"asdsda\" (type string) at path \"_id\" for model \"cart\"","name":"CastError","path":"_id","reason":{},"stringValue":"\"asdsda\"","value":"asdsda","valueType":"string"}
{"level":"error","message":"ERROR AT GETTING PRODUCT---> CastError: Cast to ObjectId failed for value \"650a003ca87637ea21886fgd\" (type string) at path \"_id\" for model \"product\""}
{"level":"error","message":"ERROR AT GETTING PRODUCT---> CastError: Cast to ObjectId failed for value \"650a003ca87637ea2188dsas\" (type string) at path \"_id\" for model \"product\""}
{"level":"error","message":"ERROR AT DELETING PRODUCT---> [object Object]"}
{"level":"error","message":"ERROR AT DELETING PRODUCT---> [object Object]"}
{"kind":"ObjectId","message":"Cast to ObjectId failed for value \"BpK57ZOIQBmqd2wjRdLk5yxSy\" (type string) at path \"_id\" for model \"cart\"","name":"CastError","path":"_id","reason":{},"stringValue":"\"BpK57ZOIQBmqd2wjRdLk5yxSy\"","value":"BpK57ZOIQBmqd2wjRdLk5yxSy","valueType":"string"}
{"level":"error"}
